
starting on TEKAI, port 52905, fd 8, maxconn 1024...
getting a new request... fd 9 from 127.0.0.1
TTT 0 TTT
getting a new request... fd 10 from 127.0.0.1
TTT 0 TTT
TTT 0 TTT
getting a new request... fd 11 from 127.0.0.1
TTT 0 TTT
TTT 0 TTT
TTT 0 TTT
getting a new request... fd 12 from 127.0.0.1
TTT 0 TTT
TTT 0 TTT
TTT 0 TTT
TTT 0 TTT
getting a new request... fd 13 from 127.0.0.1
TTT 0 TTT
TTT 0 TTT
TTT 0 TTT
TTT 0 TTT
TTT 0 TTT
getting a new request... fd 14 from 127.0.0.1
TTT 0 TTT
TTT 0 TTT
TTT 0 TTT
TTT 0 TTT
TTT 0 TTT
TTT 0 TTT
getting a new request... fd 15 from 127.0.0.1
TTT 0 TTT
TTT 0 TTT
TTT 0 TTT
TTT 0 TTT
TTT 0 TTT
TTT 0 TTT
TTT 0 TTT
getting a new request... fd 16 from 127.0.0.1
TTT 0 TTT
TTT 0 TTT
TTT 0 TTT
TTT 0 TTT
TTT 0 TTT
TTT 0 TTT
TTT 0 TTT
TTT 0 TTT
getting a new request... fd 17 from 127.0.0.1
TTT 0 TTT
TTT 0 TTT
TTT 0 TTT
TTT 0 TTT
TTT 0 TTT
TTT 0 TTT
TTT 0 TTT
TTT 0 TTT
TTT 0 TTT
getting a new request... fd 18 from 127.0.0.1
TTT 0 TTT
TTT 0 TTT
TTT 0 TTT
TTT 0 TTT
TTT 0 TTT
TTT 0 TTT
TTT 0 TTT
TTT 0 TTT
TTT 0 TTT
TTT 0 TTT
TTT 0 TTT
TTT 0 TTT
TTT 0 TTT
TTT 0 TTT
TTT 0 TTT
TTT 0 TTT
TTT 0 TTT
TTT 0 TTT
TTT 0 TTT
TTT 0 TTT
TTT 0 TTT
TTT 0 TTT
TTT 0 TTT
TTT 0 TTT
TTT 0 TTT
TTT 0 TTT
TTT 0 TTT
TTT 0 TTT
TTT 0 TTT
TTT 0 TTT
TTT 1 TTT
TTT 1 TTT
TTT 1 TTT
TTT 1 TTT
TTT 1 TTT
TTT 1 TTT
TTT 1 TTT
TTT 1 TTT
TTT 1 TTT
TTT 1 TTT
TTT 1 TTT
TTT 1 TTT
TTT 1 TTT
TTT 1 TTT
TTT 1 TTT
TTT 1 TTT
TTT 1 TTT
TTT 1 TTT
TTT 1 TTT
TTT 1 TTT
TTT 1 TTT
TTT 1 TTT
TTT 1 TTT
TTT 1 TTT
TTT 1 TTT
TTT 1 TTT
TTT 1 TTT
TTT 1 TTT
TTT 1 TTT
TTT 1 TTT
TTT 1 TTT
TTT 1 TTT
TTT 1 TTT
TTT 1 TTT
TTT 1 TTT
TTT 1 TTT
TTT 1 TTT
TTT 1 TTT
TTT 2 TTT
TTT 2 TTT
TTT 2 TTT
TTT 2 TTT
TTT 2 TTT
TTT 2 TTT
TTT 2 TTT
TTT 2 TTT
TTT 2 TTT
TTT 2 TTT
TTT 2 TTT
TTT 2 TTT
TTT 2 TTT
TTT 2 TTT
TTT 2 TTT
TTT 2 TTT
TTT 2 TTT
TTT 2 TTT
TTT 3 TTT
TTT 3 TTT
TTT 3 TTT
TTT 3 TTT
TTT 3 TTT
TTT 3 TTT
TTT 3 TTT
TTT 3 TTT
TTT 3 TTT
TTT 3 TTT
TTT 3 TTT
TTT 3 TTT
TTT 3 TTT
TTT 3 TTT
TTT 3 TTT
TTT 3 TTT
TTT 3 TTT
TTT 3 TTT
TTT 3 TTT
TTT 3 TTT
TTT 3 TTT
TTT 3 TTT
TTT 3 TTT
TTT 3 TTT
TTT 3 TTT
TTT 3 TTT
TTT 3 TTT
TTT 4 TTT
TTT 4 TTT
TTT 4 TTT
TTT 4 TTT
TTT 4 TTT
TTT 4 TTT
TTT 4 TTT
TTT 4 TTT
TTT 4 TTT
TTT 4 TTT
TTT 4 TTT
TTT 4 TTT
TTT 4 TTT
TTT 4 TTT
TTT 4 TTT
TTT 4 TTT
TTT 4 TTT
TTT 4 TTT
TTT 4 TTT
TTT 4 TTT
TTT 4 TTT
TTT 4 TTT
TTT 4 TTT
TTT 4 TTT
TTT 4 TTT
TTT 4 TTT
TTT 4 TTT
TTT 4 TTT
TTT 4 TTT
TTT 4 TTT
TTT 4 TTT
TTT 4 TTT
TTT 4 TTT
TTT 4 TTT
TTT 4 TTT
TTT 4 TTT
TTT 4 TTT
TIME OUT!!!!
TTT 4 TTT
TIME OUT!!!!
TTT 4 TTT
TIME OUT!!!!
TTT 4 TTT
TIME OUT!!!!
TTT 4 TTT
TIME OUT!!!!
TTT 4 TTT
TIME OUT!!!!
TTT 4 TTT
TIME OUT!!!!
TTT 4 TTT
TIME OUT!!!!
TTT 4 TTT
TIME OUT!!!!
getting a new request... fd 9 from 127.0.0.1
TTT 0 TTT
getting a new request... fd 9 from 127.0.0.1
TTT 0 TTT
getting a new request... fd 9 from 127.0.0.1
TTT 0 TTT
wrong shift number
