
starting on TEKAI, port 50269, fd 8, maxconn 1024...
getting a new request... fd 9 from 127.0.0.1
getting a new request... fd 10 from 127.0.0.1
getting a new request... fd 11 from 127.0.0.1
getting a new request... fd 12 from 127.0.0.1
getting a new request... fd 13 from 127.0.0.1
getting a new request... fd 14 from 127.0.0.1
getting a new request... fd 15 from 127.0.0.1
0 0 0 0
1 0 1 1
1 1 0 1
0 1 0 0
0 0 0 0
0 0 0 0
1 1 0 0
0 0 0 0
0 0 0 0
0 0 1 1
NOW IS SEAT STATUS
1 1 1 1
1 1 1 1
1 1 1 1
1 1 1 1
1 1 1 1
1 1 1 1
1 1 1 1
1 1 1 1
1 1 1 1
1 1 1 1
1 0 0 0
0 0 0 0
0 0 0 0
0 0 0 1
0 0 0 0
0 1 0 0
0 0 0 1
0 0 0 0
0 0 0 0
1 0 0 1
NOW IS SEAT STATUS
1 0 0 0
0 0 0 0
0 0 1 0
0 0 0 0
0 0 0 0
1 0 0 0
0 0 0 0
1 1 0 0
0 1 0 0
0 0 0 1
NOW IS SEAT STATUS
1 0 0 0
0 0 0 0
0 0 0 0
0 0 0 1
0 0 0 0
0 1 0 0
0 0 0 1
0 0 0 0
0 0 0 0
1 0 0 1
NOW IS SEAT STATUS
1 0 0 0
0 0 0 0
0 0 1 0
0 0 0 0
0 0 0 0
1 0 0 0
0 0 0 0
1 1 0 0
0 1 0 0
0 0 0 1
NOW IS SEAT STATUS
1 1 1 1
1 1 1 1
1 1 1 1
1 1 1 1
1 1 1 1
1 1 1 1
1 1 1 1
1 1 1 1
1 1 1 1
1 1 1 1
